[==========] Running 23 tests from 1 test suite.
[----------] Global test environment set-up.
[----------] 23 tests from ConfigManagerTest
[ RUN      ] ConfigManagerTest.ConfigInitLoad_ValidConfig_Success
log path = /opt/logs
log path = /opt/logs
Box type = XG1v4
Build type = XG1v4
device type = XG1v4
Secure is not enable
starting minidump processing
[       OK ] ConfigManagerTest.ConfigInitLoad_ValidConfig_Success (0 ms)
[ RUN      ] ConfigManagerTest.ConfigInitLoad_MediaClientDevice_Success
log path = /opt/logs
log path = /opt/logs
Box type = mediaclient
Build type = mediaclient
device type = mediaclient
device type=3
core log=/opt/logs/core_log.txt
Secure is not enable
starting minidump processing
[       OK ] ConfigManagerTest.ConfigInitLoad_MediaClientDevice_Success (0 ms)
[ RUN      ] ConfigManagerTest.ConfigInitLoad_HybridDevice_Success
log path = /opt/logs
log path = /opt/logs
Box type = hybrid
Build type = hybrid
device type = hybrid
device type=3
core log=/opt/logs/core_log.txt
Secure is not enable
starting minidump processing
[       OK ] ConfigManagerTest.ConfigInitLoad_HybridDevice_Success (0 ms)
[ RUN      ] ConfigManagerTest.ConfigInitLoad_BroadbandDevice_Success
log path = /opt/logs
log path = /opt/logs
Box type = broadband
Build type = broadband
device type = broadband
Secure is not enable
starting minidump processing
[       OK ] ConfigManagerTest.ConfigInitLoad_BroadbandDevice_Success (0 ms)
[ RUN      ] ConfigManagerTest.ConfigInitLoad_ExtenderDevice_Success
log path = /opt/logs
log path = /opt/logs
Box type = extender
Build type = extender
device type = extender
Secure is not enable
starting minidump processing
[       OK ] ConfigManagerTest.ConfigInitLoad_ExtenderDevice_Success (0 ms)
[ RUN      ] ConfigManagerTest.ConfigInitLoad_ProdBuildType_Success
log path = /opt/logs
log path = /opt/logs
Box type = prod
Build type = prod
device type = prod
Secure is not enable
starting minidump processing
[       OK ] ConfigManagerTest.ConfigInitLoad_ProdBuildType_Success (0 ms)
[ RUN      ] ConfigManagerTest.ConfigInitLoad_DevBuildType_Success
log path = /opt/logs
log path = /opt/logs
Box type = dev
Build type = dev
device type = dev
Secure is not enable
starting minidump processing
[       OK ] ConfigManagerTest.ConfigInitLoad_DevBuildType_Success (0 ms)
[ RUN      ] ConfigManagerTest.ConfigInitLoad_SecureMode_Success
log path = /opt/logs
log path = /opt/logs
Box type = mediaclient
Build type = mediaclient
device type = mediaclient
device type=3
core log=/opt/logs/core_log.txt
Secure is enable
starting minidump processing
[       OK ] ConfigManagerTest.ConfigInitLoad_SecureMode_Success (0 ms)
[ RUN      ] ConfigManagerTest.ConfigInitLoad_NormalMode_Success
log path = /opt/logs
log path = /opt/logs
Box type = mediaclient
Build type = mediaclient
device type = mediaclient
device type=3
core log=/opt/logs/core_log.txt
Secure is not enable
starting minidump processing
[       OK ] ConfigManagerTest.ConfigInitLoad_NormalMode_Success (0 ms)
[ RUN      ] ConfigManagerTest.ConfigInitLoad_MinidumpType_Success
log path = /opt/logs
log path = /opt/logs
Box type = mediaclient
Build type = mediaclient
device type = mediaclient
device type=3
core log=/opt/logs/core_log.txt
Secure is not enable
starting minidump processing
[       OK ] ConfigManagerTest.ConfigInitLoad_MinidumpType_Success (0 ms)
[ RUN      ] ConfigManagerTest.ConfigInitLoad_CoredumpType_Success
log path = /opt/logs
log path = /opt/logs
Box type = mediaclient
Build type = mediaclient
device type = mediaclient
device type=3
core log=/opt/logs/core_log.txt
Secure is not enable
starting coredump processing
[       OK ] ConfigManagerTest.ConfigInitLoad_CoredumpType_Success (0 ms)
[ RUN      ] ConfigManagerTest.ConfigInitLoad_MinidumpBroadband_WorkingDirOverride
log path = /opt/logs
log path = /opt/logs
Box type = broadband
Build type = broadband
device type = broadband
Secure is not enable
starting minidump processing
[       OK ] ConfigManagerTest.ConfigInitLoad_MinidumpBroadband_WorkingDirOverride (0 ms)
[ RUN      ] ConfigManagerTest.ConfigInitLoad_MinidumpExtender_WorkingDirOverride
log path = /opt/logs
log path = /opt/logs
Box type = extender
Build type = extender
device type = extender
Secure is not enable
starting minidump processing
[       OK ] ConfigManagerTest.ConfigInitLoad_MinidumpExtender_WorkingDirOverride (0 ms)
[ RUN      ] ConfigManagerTest.ConfigInitLoad_T2Enabled_Success
log path = /opt/logs
log path = /opt/logs
Box type = mediaclient
Build type = mediaclient
device type = mediaclient
device type=3
core log=/opt/logs/core_log.txt
Secure is not enable
starting minidump processing
[       OK ] ConfigManagerTest.ConfigInitLoad_T2Enabled_Success (0 ms)
[ RUN      ] ConfigManagerTest.ConfigInitLoad_T2Disabled_Success
log path = /opt/logs
log path = /opt/logs
Box type = mediaclient
Build type = mediaclient
device type = mediaclient
device type=3
core log=/opt/logs/core_log.txt
Secure is not enable
starting minidump processing
[       OK ] ConfigManagerTest.ConfigInitLoad_T2Disabled_Success (0 ms)
[ RUN      ] ConfigManagerTest.ConfigInitLoad_LockModeWait_Success
log path = /opt/logs
log path = /opt/logs
Box type = mediaclient
Build type = mediaclient
device type = mediaclient
device type=3
core log=/opt/logs/core_log.txt
Secure is not enable
starting minidump processing
[       OK ] ConfigManagerTest.ConfigInitLoad_LockModeWait_Success (0 ms)
[ RUN      ] ConfigManagerTest.ConfigInitLoad_LockModeExit_Success
log path = /opt/logs
log path = /opt/logs
Box type = mediaclient
Build type = mediaclient
device type = mediaclient
device type=3
core log=/opt/logs/core_log.txt
Secure is not enable
starting minidump processing
[       OK ] ConfigManagerTest.ConfigInitLoad_LockModeExit_Success (0 ms)
[ RUN      ] ConfigManagerTest.ConfigInitLoad_DefaultLogPathOnError_Success
Error to get log path. Set default path = /opt/logs
log path = /opt/logs
Box type = mediaclient
Build type = mediaclient
device type = mediaclient
device type=3
core log=/opt/logs/core_log.txt
Secure is not enable
starting minidump processing
[       OK ] ConfigManagerTest.ConfigInitLoad_DefaultLogPathOnError_Success (0 ms)
[ RUN      ] ConfigManagerTest.ConfigInitLoad_UnknownBuildType_Success
log path = /opt/logs
log path = /opt/logs
config_init_load: getDevicePropertyData() for device type fail
config_manager_gtest.cpp:313: Failure
Expected equality of these values:
  result
    Which is: 22
  0
[  FAILED  ] ConfigManagerTest.ConfigInitLoad_UnknownBuildType_Success (0 ms)
[ RUN      ] ConfigManagerTest.ConfigInitLoad_UnknownBoxType_Success
Error to get log path. Set default path = /opt/logs
log path = /opt/logs
config_init_load: getDevicePropertyData() for device type fail
config_manager_gtest.cpp:324: Failure
Expected equality of these values:
  result
    Which is: 22
  0
[  FAILED  ] ConfigManagerTest.ConfigInitLoad_UnknownBoxType_Success (0 ms)
[ RUN      ] ConfigManagerTest.ConfigInitLoad_UnknownDeviceType_Success
log path = /opt/logs
log path = /opt/logs
Box type = unknown_device
Build type = unknown_device
device type = unknown_device
Secure is not enable
starting minidump processing
[       OK ] ConfigManagerTest.ConfigInitLoad_UnknownDeviceType_Success (0 ms)
[ RUN      ] ConfigManagerTest.ConfigInitLoad_UnknownDumpType_Success
log path = /opt/logs
log path = /opt/logs
Box type = mediaclient
Build type = mediaclient
device type = mediaclient
device type=3
core log=/opt/logs/core_log.txt
Secure is not enable
Setting Unknown
[       OK ] ConfigManagerTest.ConfigInitLoad_UnknownDumpType_Success (0 ms)
[ RUN      ] ConfigManagerTest.ConfigInitLoad_AllFieldsInitialized
log path = /custom/logs
log path = /custom/logs
Box type = mediaclient
Build type = mediaclient
device type = mediaclient
device type=3
core log=/custom/logs/core_log.txt
Secure is enable
starting coredump processing
[       OK ] ConfigManagerTest.ConfigInitLoad_AllFieldsInitialized (0 ms)
[----------] 23 tests from ConfigManagerTest (3 ms total)

[----------] Global test environment tear-down
[==========] 23 tests from 1 test suite ran. (4 ms total)
[  PASSED  ] 21 tests.
[  FAILED  ] 2 tests, listed below:
[  FAILED  ] ConfigManagerTest.ConfigInitLoad_UnknownBuildType_Success
[  FAILED  ] ConfigManagerTest.ConfigInitLoad_UnknownBoxType_Success

 2 FAILED TESTS
libgcov profiling error:/mnt/L2_CONTAINER_SHARED_VOLUME/crashupload/unittest/../c_sourcecode/src/config/config_manager.gcda:overwriting an existing profile data with a different timestamp
FAIL config_manager_gtest (exit status: 1)
